<?xml version="1.0" encoding="UTF-8"?>
<testng-results ignored="0" total="1" passed="1" failed="0" skipped="0">
  <reporter-output>
  </reporter-output>
  <suite started-at="2022-08-13T14:54:12 IST" name="Default suite" finished-at="2022-08-13T14:54:59 IST" duration-ms="47369">
    <groups>
    </groups>
    <test started-at="2022-08-13T14:54:12 IST" name="Default test" finished-at="2022-08-13T14:54:59 IST" duration-ms="47369">
      <class name="login.Git_Login.Login">
        <test-method signature="f()[pri:0, instance:login.Git_Login.Login@66420549]" started-at="2022-08-13T14:54:12 IST" name="f" finished-at="2022-08-13T14:54:59 IST" duration-ms="47258" status="PASS">
          <reporter-output>
          </reporter-output>
        </test-method> <!-- f -->
      </class> <!-- login.Git_Login.Login -->
    </test> <!-- Default test -->
  </suite> <!-- Default suite -->
</testng-results>
